01/10/2019 19:20:58 [Info] - Program started
01/10/2019 19:20:59 [Info] - Database instanciated.
01/10/2019 19:20:59 [Info] - Welcome page instanciated.
01/10/2019 19:21:03 [Info] - MainPage page instanciated.
01/10/2019 19:21:03 [Info] - Setting frame content to ViewNode page instance.
01/10/2019 19:24:03 [Info] - Welcome page instanciated.
01/10/2019 19:24:31 [Info] - Welcome page instanciated.
01/10/2019 19:25:05 [Info] - Welcome page instanciated.
01/10/2019 19:25:35 [Info] - Welcome page instanciated.
01/10/2019 19:26:13 [Info] - Welcome page instanciated.
01/10/2019 19:26:59 [Info] - Welcome page instanciated.
01/10/2019 19:28:13 [Info] - Welcome page instanciated.
01/10/2019 19:28:57 [Info] - Welcome page instanciated.
01/10/2019 19:29:57 [Info] - Welcome page instanciated.
01/10/2019 19:30:44 [Info] - Welcome page instanciated.
01/10/2019 19:31:22 [Info] - Welcome page instanciated.
01/10/2019 19:31:59 [Info] - Welcome page instanciated.
01/10/2019 19:32:16 [Info] - Welcome page instanciated.
01/10/2019 19:32:24 [Info] - Welcome page instanciated.
01/10/2019 19:32:35 [Info] - Welcome page instanciated.
01/10/2019 19:37:48 [Info] - Welcome page instanciated.
01/10/2019 19:39:44 [Info] - Welcome page instanciated.
01/10/2019 19:51:30 [Info] - Welcome page instanciated.
01/10/2019 19:53:00 [Info] - Welcome page instanciated.
01/10/2019 19:56:29 [Info] - Welcome page instanciated.
01/10/2019 19:56:54 [Info] - Welcome page instanciated.
01/10/2019 20:05:49 [Info] - Welcome page instanciated.
01/10/2019 20:07:23 [Info] - Welcome page instanciated.
01/10/2019 20:09:49 [Info] - Welcome page instanciated.
01/10/2019 20:10:40 [Info] - Welcome page instanciated.
01/10/2019 20:17:06 [Info] - Welcome page instanciated.
07/10/2019 18:34:25 [Info] - Welcome page instanciated.
08/10/2019 20:06:53 [Info] - Welcome page instanciated.
08/10/2019 20:07:54 [Info] - Welcome page instanciated.
08/10/2019 20:08:28 [Info] - Welcome page instanciated.
08/10/2019 20:24:13 [Info] - Welcome page instanciated.
08/10/2019 20:25:23 [Info] - Welcome page instanciated.
09/10/2019 00:51:12 [Info] - Welcome page instanciated.
09/10/2019 00:52:51 [Info] - Welcome page instanciated.
09/10/2019 00:54:58 [Info] - Welcome page instanciated.
09/10/2019 00:56:09 [Info] - Welcome page instanciated.
09/10/2019 00:56:44 [Info] - Welcome page instanciated.
09/10/2019 01:00:14 [Info] - Welcome page instanciated.
09/10/2019 01:00:46 [Info] - Welcome page instanciated.
09/10/2019 01:01:50 [Info] - Welcome page instanciated.
09/10/2019 01:14:30 [Info] - Welcome page instanciated.
09/10/2019 01:14:54 [Info] - Welcome page instanciated.
09/10/2019 01:15:09 [Info] - Welcome page instanciated.
09/10/2019 01:20:14 [Info] - Welcome page instanciated.
09/10/2019 01:22:36 [Info] - Welcome page instanciated.
09/10/2019 01:23:06 [Info] - Welcome page instanciated.
09/10/2019 01:24:23 [Info] - Welcome page instanciated.
09/10/2019 01:25:10 [Info] - Welcome page instanciated.
09/10/2019 01:25:53 [Info] - Welcome page instanciated.
09/10/2019 01:26:28 [Info] - Welcome page instanciated.
09/10/2019 01:26:54 [Info] - Welcome page instanciated.
09/10/2019 01:30:33 [Info] - Welcome page instanciated.
09/10/2019 01:32:09 [Info] - Welcome page instanciated.
09/10/2019 01:38:52 [Info] - Welcome page instanciated.
09/10/2019 02:11:55 [Info] - Welcome page instanciated.
09/10/2019 02:12:54 [Info] - Welcome page instanciated.
09/10/2019 02:14:01 [Info] - Welcome page instanciated.
09/10/2019 02:14:34 [Info] - Welcome page instanciated.
09/10/2019 02:15:51 [Info] - Welcome page instanciated.
09/10/2019 02:16:38 [Info] - Welcome page instanciated.
09/10/2019 02:17:57 [Info] - Welcome page instanciated.
09/10/2019 02:18:18 [Info] - Welcome page instanciated.
09/10/2019 02:18:32 [Info] - Welcome page instanciated.
09/10/2019 02:18:52 [Info] - Welcome page instanciated.
09/10/2019 02:19:16 [Info] - Welcome page instanciated.
09/10/2019 02:19:41 [Info] - Welcome page instanciated.
09/10/2019 02:21:09 [Info] - Welcome page instanciated.
09/10/2019 02:22:41 [Info] - Welcome page instanciated.
09/10/2019 02:23:19 [Info] - Welcome page instanciated.
09/10/2019 02:23:35 [Info] - Welcome page instanciated.
09/10/2019 02:25:15 [Info] - Welcome page instanciated.
09/10/2019 02:25:35 [Info] - Welcome page instanciated.
10/10/2019 09:53:25 [Info] - Welcome page instanciated.
10/10/2019 09:55:50 [Info] - Welcome page instanciated.
10/10/2019 09:57:04 [Info] - Welcome page instanciated.
10/10/2019 09:59:47 [Info] - Welcome page instanciated.
10/10/2019 10:00:56 [Info] - Welcome page instanciated.
10/10/2019 10:01:18 [Info] - Welcome page instanciated.
10/10/2019 10:04:02 [Info] - Welcome page instanciated.
10/10/2019 10:04:21 [Info] - Welcome page instanciated.
10/10/2019 10:06:58 [Info] - Welcome page instanciated.
10/10/2019 13:22:04 [Info] - Welcome page instanciated.
10/10/2019 13:25:13 [Info] - Welcome page instanciated.
15/10/2019 17:27:33 [Info] - Welcome page instanciated.
15/10/2019 17:36:16 [Info] - Welcome page instanciated.
15/10/2019 17:37:01 [Info] - Welcome page instanciated.
15/10/2019 17:37:54 [Info] - Welcome page instanciated.
15/10/2019 17:38:51 [Info] - Welcome page instanciated.
15/10/2019 17:44:08 [Info] - Welcome page instanciated.
15/10/2019 17:45:32 [Info] - Welcome page instanciated.
15/10/2019 17:55:08 [Info] - Welcome page instanciated.
15/10/2019 18:17:24 [Info] - Welcome page instanciated.
05/11/2019 10:30:29 [Info] - Welcome page instanciated.
05/11/2019 10:30:34 [Info] - Welcome page instanciated.
09/03/2020 19:18:16 [Info] - Welcome page instanciated.
09/03/2020 19:26:54 [Info] - Welcome page instanciated.
09/03/2020 19:29:57 [Info] - Welcome page instanciated.
09/03/2020 19:34:09 [Info] - Welcome page instanciated.
09/03/2020 19:34:59 [Info] - Welcome page instanciated.
11/03/2020 19:59:23 [Info] - Welcome page instanciated.
11/03/2020 20:00:23 [Info] - Welcome page instanciated.
11/03/2020 20:01:32 [Info] - Welcome page instanciated.
11/03/2020 20:04:49 [Info] - Welcome page instanciated.
11/03/2020 22:29:05 [Info] - Welcome page instanciated.
11/03/2020 22:47:29 [Info] - Welcome page instanciated.
11/03/2020 22:47:52 [Info] - Welcome page instanciated.
11/03/2020 22:47:56 [Info] - Welcome page instanciated.
11/03/2020 22:49:45 [Info] - Welcome page instanciated.
11/03/2020 22:50:41 [Info] - Welcome page instanciated.
11/03/2020 22:56:33 [Info] - Welcome page instanciated.
11/03/2020 22:59:01 [Info] - Welcome page instanciated.
11/03/2020 23:01:10 [Info] - Welcome page instanciated.
11/03/2020 23:01:51 [Info] - Welcome page instanciated.
11/03/2020 23:02:20 [Info] - Welcome page instanciated.
11/03/2020 23:03:31 [Info] - Welcome page instanciated.
11/03/2020 23:07:34 [Info] - Welcome page instanciated.
11/03/2020 23:08:41 [Info] - Welcome page instanciated.
11/03/2020 23:09:11 [Info] - Welcome page instanciated.
11/03/2020 23:10:29 [Info] - Welcome page instanciated.
11/03/2020 23:12:41 [Info] - Welcome page instanciated.
11/03/2020 23:13:44 [Info] - Welcome page instanciated.
11/03/2020 23:14:00 [Info] - Welcome page instanciated.
11/03/2020 23:14:22 [Info] - Welcome page instanciated.
11/03/2020 23:15:58 [Info] - Welcome page instanciated.
11/03/2020 23:16:10 [Info] - Welcome page instanciated.
12/03/2020 18:53:01 [Info] - Welcome page instanciated.
